188.0
186.0
184.0
182.0
180.0
178.0
176.0
174.0
172.0
170.0
168.0
166.0
164.0
162.0
160.0
158.0
156.0
154.0
152.0
150.0
148.0
146.0
144.0
142.0
140.0
138.0
136.0
134.0
132.0
130.0
128.0
126.0
124.0
122.0
120.0
118.0
116.0
114.0
112.0
110.0
108.0
106.0
104.0
102.0
100.0
98.0
96.0
94.0
92.0
90.0
88.0
86.0
84.0
82.0
80.0
78.0
76.0
74.0
72.0
70.0
68.0
66.0
64.0
62.0
60.0
58.0
56.0
54.0
52.0
50.0
48.0
46.0
44.0
42.0
40.0
38.0
36.0
34.0
32.0
30.0
28.0
26.0
24.0
22.0
20.0
18.0
16.0
14.0
12.0
10.0
8.0
6.0
4.0
2.0
200.0
198.0
196.0
194.0
192.0
190.0
